2026-04-08 20:27:28,188 [INFO] ======================================================================
2026-04-08 20:27:28,190 [INFO] MULAI SCRAPING GOOGLE TRENDS - DETEKSI DIABETES INDONESIA
2026-04-08 20:27:28,191 [INFO] Keywords  : 20 keyword
2026-04-08 20:27:28,191 [INFO] Periode   : 2015-01-01 s/d 2026-04-08
2026-04-08 20:27:28,192 [INFO] Granulari : Harian (via chunk 6 bulan)
2026-04-08 20:27:28,193 [INFO] Geo       : ID
2026-04-08 20:27:28,194 [INFO] ======================================================================
2026-04-08 20:27:28,195 [INFO] Total chunks: 23
2026-04-08 20:27:28,196 [INFO] Chunks waktu   : 23
2026-04-08 20:27:28,197 [INFO] Batch keyword  : 4 (@ max 5 keyword)
2026-04-08 20:27:28,198 [INFO] Total requests : 92
2026-04-08 20:27:28,199 [INFO] Estimasi waktu : ~7.7 menit (termasuk sleep)
2026-04-08 20:27:28,200 [INFO] ----------------------------------------------------------------------
2026-04-08 20:27:28,760 [INFO] 
[Batch 1/4] Keywords: ['diabetes', 'sering haus', 'sering buang air kecil', 'badan lemas', 'penglihatan kabur']
2026-04-08 20:27:28,760 [INFO]   Chunk [1/23]: 2015-01-01 ~ 2015-06-30
2026-04-08 20:27:37,245 [INFO]   Chunk [2/23]: 2015-07-01 ~ 2015-12-31
2026-04-08 20:27:42,479 [INFO]   Chunk [3/23]: 2016-01-01 ~ 2016-06-30
2026-04-08 20:27:48,739 [INFO]   Chunk [4/23]: 2016-07-01 ~ 2016-12-31
2026-04-08 20:27:57,112 [INFO]   Chunk [5/23]: 2017-01-01 ~ 2017-06-30
2026-04-08 20:28:01,938 [INFO]   Chunk [6/23]: 2017-07-01 ~ 2017-12-31
2026-04-08 20:28:07,532 [INFO]   Chunk [7/23]: 2018-01-01 ~ 2018-06-30
2026-04-08 20:28:13,268 [INFO]   Chunk [8/23]: 2018-07-01 ~ 2018-12-31
2026-04-08 20:28:18,190 [INFO]   Chunk [9/23]: 2019-01-01 ~ 2019-06-30
2026-04-08 20:28:25,600 [INFO]   Chunk [10/23]: 2019-07-01 ~ 2019-12-31
2026-04-08 20:28:31,334 [INFO]   Chunk [11/23]: 2020-01-01 ~ 2020-06-30
2026-04-08 20:28:40,302 [INFO]   Chunk [12/23]: 2020-07-01 ~ 2020-12-31
2026-04-08 20:28:49,124 [INFO]   Chunk [13/23]: 2021-01-01 ~ 2021-06-30
2026-04-08 20:28:57,145 [INFO]   Chunk [14/23]: 2021-07-01 ~ 2021-12-31
2026-04-08 20:29:04,603 [INFO]   Chunk [15/23]: 2022-01-01 ~ 2022-06-30
2026-04-08 20:29:11,024 [INFO]   Chunk [16/23]: 2022-07-01 ~ 2022-12-31
2026-04-08 20:29:15,522 [INFO]   Chunk [17/23]: 2023-01-01 ~ 2023-06-30
2026-04-08 20:29:22,726 [INFO]   Chunk [18/23]: 2023-07-01 ~ 2023-12-31
2026-04-08 20:29:29,185 [INFO]   Chunk [19/23]: 2024-01-01 ~ 2024-06-30
2026-04-08 20:29:37,168 [INFO]   Chunk [20/23]: 2024-07-01 ~ 2024-12-31
2026-04-08 20:29:44,520 [INFO]   Chunk [21/23]: 2025-01-01 ~ 2025-06-30
2026-04-08 20:29:51,110 [INFO]   Chunk [22/23]: 2025-07-01 ~ 2025-12-31
2026-04-08 20:29:56,142 [INFO]   Chunk [23/23]: 2026-01-01 ~ 2026-04-08
2026-04-08 20:29:58,848 [WARNING]   Attempt 1/5 gagal: HTTPSConnectionPool(host='trends.google.com', port=443): Max retries exceeded with url: /trends/api/widgetdata/multiline
2026-04-08 20:29:58,849 [INFO]   Rate limited! Tunggu 60s ...
2026-04-08 20:31:02,337 [WARNING]   Attempt 2/5 gagal: HTTPSConnectionPool(host='trends.google.com', port=443): Max retries exceeded with url: /trends/api/widgetdata/multiline
2026-04-08 20:31:02,339 [INFO]   Rate limited! Tunggu 120s ...
2026-04-08 20:33:08,774 [INFO] 
[Batch 2/4] Keywords: ['luka sulit sembuh', 'gula darah tinggi', 'cek gula darah', 'diet diabetes', 'obesitas']
2026-04-08 20:33:08,775 [INFO]   Chunk [1/23]: 2015-01-01 ~ 2015-06-30
2026-04-08 20:33:13,557 [INFO]   Chunk [2/23]: 2015-07-01 ~ 2015-12-31
2026-04-08 20:33:20,198 [INFO]   Chunk [3/23]: 2016-01-01 ~ 2016-06-30
2026-04-08 20:33:25,381 [INFO]   Chunk [4/23]: 2016-07-01 ~ 2016-12-31
2026-04-08 20:33:30,793 [INFO]   Chunk [5/23]: 2017-01-01 ~ 2017-06-30
2026-04-08 20:33:36,619 [INFO]   Chunk [6/23]: 2017-07-01 ~ 2017-12-31
2026-04-08 20:33:43,353 [INFO]   Chunk [7/23]: 2018-01-01 ~ 2018-06-30
2026-04-08 20:33:49,744 [INFO]   Chunk [8/23]: 2018-07-01 ~ 2018-12-31
2026-04-08 20:33:54,910 [INFO]   Chunk [9/23]: 2019-01-01 ~ 2019-06-30
2026-04-08 20:34:02,952 [INFO]   Chunk [10/23]: 2019-07-01 ~ 2019-12-31
2026-04-08 20:34:08,686 [INFO]   Chunk [11/23]: 2020-01-01 ~ 2020-06-30
2026-04-08 20:34:13,363 [INFO]   Chunk [12/23]: 2020-07-01 ~ 2020-12-31
2026-04-08 20:34:20,899 [INFO]   Chunk [13/23]: 2021-01-01 ~ 2021-06-30
2026-04-08 20:34:28,589 [INFO]   Chunk [14/23]: 2021-07-01 ~ 2021-12-31
2026-04-08 20:34:34,527 [INFO]   Chunk [15/23]: 2022-01-01 ~ 2022-06-30
2026-04-08 20:34:41,989 [INFO]   Chunk [16/23]: 2022-07-01 ~ 2022-12-31
2026-04-08 20:34:46,898 [INFO]   Chunk [17/23]: 2023-01-01 ~ 2023-06-30
2026-04-08 20:34:51,637 [INFO]   Chunk [18/23]: 2023-07-01 ~ 2023-12-31
2026-04-08 20:34:56,474 [INFO]   Chunk [19/23]: 2024-01-01 ~ 2024-06-30
2026-04-08 20:35:03,434 [INFO]   Chunk [20/23]: 2024-07-01 ~ 2024-12-31
2026-04-08 20:35:08,089 [INFO]   Chunk [21/23]: 2025-01-01 ~ 2025-06-30
2026-04-08 20:35:13,936 [INFO]   Chunk [22/23]: 2025-07-01 ~ 2025-12-31
2026-04-08 20:35:19,085 [INFO]   Chunk [23/23]: 2026-01-01 ~ 2026-04-08
2026-04-08 20:35:21,515 [WARNING]   Attempt 1/5 gagal: HTTPSConnectionPool(host='trends.google.com', port=443): Max retries exceeded with url: /trends/api/widgetdata/multiline
2026-04-08 20:35:21,516 [INFO]   Rate limited! Tunggu 60s ...
2026-04-08 20:36:29,383 [INFO] 
[Batch 3/4] Keywords: ['minuman manis', 'makanan manis', 'neuropati', 'retinopati', 'gagal ginjal']
2026-04-08 20:36:29,383 [INFO]   Chunk [1/23]: 2015-01-01 ~ 2015-06-30
2026-04-08 20:36:34,235 [INFO]   Chunk [2/23]: 2015-07-01 ~ 2015-12-31
2026-04-08 20:36:39,406 [INFO]   Chunk [3/23]: 2016-01-01 ~ 2016-06-30
2026-04-08 20:36:45,986 [INFO]   Chunk [4/23]: 2016-07-01 ~ 2016-12-31
2026-04-08 20:36:52,781 [INFO]   Chunk [5/23]: 2017-01-01 ~ 2017-06-30
2026-04-08 20:36:59,470 [INFO]   Chunk [6/23]: 2017-07-01 ~ 2017-12-31
2026-04-08 20:37:06,742 [INFO]   Chunk [7/23]: 2018-01-01 ~ 2018-06-30
2026-04-08 20:37:14,665 [INFO]   Chunk [8/23]: 2018-07-01 ~ 2018-12-31
2026-04-08 20:37:20,692 [INFO]   Chunk [9/23]: 2019-01-01 ~ 2019-06-30
2026-04-08 20:37:25,610 [INFO]   Chunk [10/23]: 2019-07-01 ~ 2019-12-31
2026-04-08 20:37:31,909 [INFO]   Chunk [11/23]: 2020-01-01 ~ 2020-06-30
2026-04-08 20:37:36,318 [INFO]   Chunk [12/23]: 2020-07-01 ~ 2020-12-31
2026-04-08 20:37:42,769 [INFO]   Chunk [13/23]: 2021-01-01 ~ 2021-06-30
2026-04-08 20:37:48,787 [INFO]   Chunk [14/23]: 2021-07-01 ~ 2021-12-31
2026-04-08 20:37:51,225 [WARNING]   Attempt 1/5 gagal: HTTPSConnectionPool(host='trends.google.com', port=443): Max retries exceeded with url: /trends/api/widgetdata/multiline
2026-04-08 20:37:51,227 [INFO]   Rate limited! Tunggu 60s ...
2026-04-08 20:38:58,506 [INFO]   Chunk [15/23]: 2022-01-01 ~ 2022-06-30
2026-04-08 20:39:02,859 [INFO]   Chunk [16/23]: 2022-07-01 ~ 2022-12-31
2026-04-08 20:39:07,463 [INFO]   Chunk [17/23]: 2023-01-01 ~ 2023-06-30
2026-04-08 20:39:15,537 [INFO]   Chunk [18/23]: 2023-07-01 ~ 2023-12-31
2026-04-08 20:39:20,742 [INFO]   Chunk [19/23]: 2024-01-01 ~ 2024-06-30
2026-04-08 20:39:27,174 [INFO]   Chunk [20/23]: 2024-07-01 ~ 2024-12-31
2026-04-08 20:39:34,692 [INFO]   Chunk [21/23]: 2025-01-01 ~ 2025-06-30
2026-04-08 20:39:43,124 [INFO]   Chunk [22/23]: 2025-07-01 ~ 2025-12-31
2026-04-08 20:39:48,719 [INFO]   Chunk [23/23]: 2026-01-01 ~ 2026-04-08
2026-04-08 20:39:55,054 [INFO] 
[Batch 4/4] Keywords: ['kaki diabetes', 'insulin', 'prediabetes', 'hiperglikemia', 'kadar gula normal']
2026-04-08 20:39:55,055 [INFO]   Chunk [1/23]: 2015-01-01 ~ 2015-06-30
2026-04-08 20:40:03,353 [INFO]   Chunk [2/23]: 2015-07-01 ~ 2015-12-31
2026-04-08 20:40:11,319 [INFO]   Chunk [3/23]: 2016-01-01 ~ 2016-06-30
2026-04-08 20:40:16,420 [INFO]   Chunk [4/23]: 2016-07-01 ~ 2016-12-31
2026-04-08 20:40:22,211 [INFO]   Chunk [5/23]: 2017-01-01 ~ 2017-06-30
2026-04-08 20:40:30,950 [INFO]   Chunk [6/23]: 2017-07-01 ~ 2017-12-31
2026-04-08 20:40:33,423 [WARNING]   Attempt 1/5 gagal: HTTPSConnectionPool(host='trends.google.com', port=443): Max retries exceeded with url: /trends/api/widgetdata/multiline
2026-04-08 20:40:33,424 [INFO]   Rate limited! Tunggu 60s ...
2026-04-08 20:41:41,083 [INFO]   Chunk [7/23]: 2018-01-01 ~ 2018-06-30
2026-04-08 20:41:45,614 [INFO]   Chunk [8/23]: 2018-07-01 ~ 2018-12-31
2026-04-08 20:41:50,065 [INFO]   Chunk [9/23]: 2019-01-01 ~ 2019-06-30
2026-04-08 20:41:57,910 [INFO]   Chunk [10/23]: 2019-07-01 ~ 2019-12-31
2026-04-08 20:42:05,793 [INFO]   Chunk [11/23]: 2020-01-01 ~ 2020-06-30
2026-04-08 20:42:13,432 [INFO]   Chunk [12/23]: 2020-07-01 ~ 2020-12-31
2026-04-08 20:42:19,218 [INFO]   Chunk [13/23]: 2021-01-01 ~ 2021-06-30
2026-04-08 20:42:24,624 [INFO]   Chunk [14/23]: 2021-07-01 ~ 2021-12-31
2026-04-08 20:42:30,587 [INFO]   Chunk [15/23]: 2022-01-01 ~ 2022-06-30
2026-04-08 20:42:35,678 [INFO]   Chunk [16/23]: 2022-07-01 ~ 2022-12-31
2026-04-08 20:42:41,212 [INFO]   Chunk [17/23]: 2023-01-01 ~ 2023-06-30
2026-04-08 20:42:47,322 [INFO]   Chunk [18/23]: 2023-07-01 ~ 2023-12-31
2026-04-08 20:42:52,432 [INFO]   Chunk [19/23]: 2024-01-01 ~ 2024-06-30
2026-04-08 20:42:59,566 [INFO]   Chunk [20/23]: 2024-07-01 ~ 2024-12-31
2026-04-08 20:43:04,062 [INFO]   Chunk [21/23]: 2025-01-01 ~ 2025-06-30
2026-04-08 20:43:10,678 [INFO]   Chunk [22/23]: 2025-07-01 ~ 2025-12-31
2026-04-08 20:43:18,857 [INFO]   Chunk [23/23]: 2026-01-01 ~ 2026-04-08
2026-04-08 20:43:21,359 [WARNING]   Attempt 1/5 gagal: HTTPSConnectionPool(host='trends.google.com', port=443): Max retries exceeded with url: /trends/api/widgetdata/multiline
2026-04-08 20:43:21,362 [INFO]   Rate limited! Tunggu 60s ...
2026-04-08 20:44:24,436 [WARNING]   Attempt 2/5 gagal: HTTPSConnectionPool(host='trends.google.com', port=443): Max retries exceeded with url: /trends/api/widgetdata/multiline
2026-04-08 20:44:24,438 [INFO]   Rate limited! Tunggu 120s ...
2026-04-08 20:46:32,091 [INFO] 
Menggabungkan semua hasil ...
2026-04-08 20:49:54,508 [INFO] ======================================================================
2026-04-08 20:49:54,509 [INFO] MULAI SCRAPING GOOGLE TRENDS - DETEKSI DIABETES INDONESIA
2026-04-08 20:49:54,511 [INFO] Keywords  : 20 keyword
2026-04-08 20:49:54,512 [INFO] Periode   : 2015-01-01 s/d 2026-04-08
2026-04-08 20:49:54,513 [INFO] Granulari : Harian (via chunk 6 bulan)
2026-04-08 20:49:54,514 [INFO] Geo       : ID
2026-04-08 20:49:54,514 [INFO] ======================================================================
2026-04-08 20:49:54,515 [INFO] Total chunks: 23
2026-04-08 20:49:54,516 [INFO] Chunks waktu   : 23
2026-04-08 20:49:54,517 [INFO] Batch keyword  : 4 (@ max 5 keyword)
2026-04-08 20:49:54,518 [INFO] Total requests : 92
2026-04-08 20:49:54,520 [INFO] Estimasi waktu : ~7.7 menit (termasuk sleep)
2026-04-08 20:49:54,521 [INFO] ----------------------------------------------------------------------
2026-04-08 20:49:54,550 [INFO]   Checkpoint dimuat: batch0_chunk0.csv
2026-04-08 20:49:54,562 [INFO]   Checkpoint dimuat: batch0_chunk1.csv
2026-04-08 20:49:54,573 [INFO]   Checkpoint dimuat: batch0_chunk10.csv
2026-04-08 20:49:54,584 [INFO]   Checkpoint dimuat: batch0_chunk11.csv
2026-04-08 20:49:54,595 [INFO]   Checkpoint dimuat: batch0_chunk12.csv
2026-04-08 20:49:54,605 [INFO]   Checkpoint dimuat: batch0_chunk13.csv
2026-04-08 20:49:54,615 [INFO]   Checkpoint dimuat: batch0_chunk14.csv
2026-04-08 20:49:54,639 [INFO]   Checkpoint dimuat: batch0_chunk15.csv
2026-04-08 20:49:54,657 [INFO]   Checkpoint dimuat: batch0_chunk16.csv
2026-04-08 20:49:54,682 [INFO]   Checkpoint dimuat: batch0_chunk17.csv
2026-04-08 20:49:54,703 [INFO]   Checkpoint dimuat: batch0_chunk18.csv
2026-04-08 20:49:54,720 [INFO]   Checkpoint dimuat: batch0_chunk19.csv
2026-04-08 20:49:54,743 [INFO]   Checkpoint dimuat: batch0_chunk2.csv
2026-04-08 20:49:54,766 [INFO]   Checkpoint dimuat: batch0_chunk20.csv
2026-04-08 20:49:54,791 [INFO]   Checkpoint dimuat: batch0_chunk21.csv
2026-04-08 20:49:54,814 [INFO]   Checkpoint dimuat: batch0_chunk22.csv
2026-04-08 20:49:54,838 [INFO]   Checkpoint dimuat: batch0_chunk3.csv
2026-04-08 20:49:54,864 [INFO]   Checkpoint dimuat: batch0_chunk4.csv
2026-04-08 20:49:54,891 [INFO]   Checkpoint dimuat: batch0_chunk5.csv
2026-04-08 20:49:54,910 [INFO]   Checkpoint dimuat: batch0_chunk6.csv
2026-04-08 20:49:54,923 [INFO]   Checkpoint dimuat: batch0_chunk7.csv
2026-04-08 20:49:54,945 [INFO]   Checkpoint dimuat: batch0_chunk8.csv
2026-04-08 20:49:54,963 [INFO]   Checkpoint dimuat: batch0_chunk9.csv
2026-04-08 20:49:54,988 [INFO]   Checkpoint dimuat: batch1_chunk0.csv
2026-04-08 20:49:55,013 [INFO]   Checkpoint dimuat: batch1_chunk1.csv
2026-04-08 20:49:55,043 [INFO]   Checkpoint dimuat: batch1_chunk10.csv
2026-04-08 20:49:55,069 [INFO]   Checkpoint dimuat: batch1_chunk11.csv
2026-04-08 20:49:55,106 [INFO]   Checkpoint dimuat: batch1_chunk12.csv
2026-04-08 20:49:55,139 [INFO]   Checkpoint dimuat: batch1_chunk13.csv
2026-04-08 20:49:55,169 [INFO]   Checkpoint dimuat: batch1_chunk14.csv
2026-04-08 20:49:55,197 [INFO]   Checkpoint dimuat: batch1_chunk15.csv
2026-04-08 20:49:55,223 [INFO]   Checkpoint dimuat: batch1_chunk16.csv
2026-04-08 20:49:55,251 [INFO]   Checkpoint dimuat: batch1_chunk17.csv
2026-04-08 20:49:55,280 [INFO]   Checkpoint dimuat: batch1_chunk18.csv
2026-04-08 20:49:55,310 [INFO]   Checkpoint dimuat: batch1_chunk19.csv
2026-04-08 20:49:55,335 [INFO]   Checkpoint dimuat: batch1_chunk2.csv
2026-04-08 20:49:55,362 [INFO]   Checkpoint dimuat: batch1_chunk20.csv
2026-04-08 20:49:55,379 [INFO]   Checkpoint dimuat: batch1_chunk21.csv
2026-04-08 20:49:55,403 [INFO]   Checkpoint dimuat: batch1_chunk22.csv
2026-04-08 20:49:55,427 [INFO]   Checkpoint dimuat: batch1_chunk3.csv
2026-04-08 20:49:55,457 [INFO]   Checkpoint dimuat: batch1_chunk4.csv
2026-04-08 20:49:55,482 [INFO]   Checkpoint dimuat: batch1_chunk5.csv
2026-04-08 20:49:55,510 [INFO]   Checkpoint dimuat: batch1_chunk6.csv
2026-04-08 20:49:55,530 [INFO]   Checkpoint dimuat: batch1_chunk7.csv
2026-04-08 20:49:55,560 [INFO]   Checkpoint dimuat: batch1_chunk8.csv
2026-04-08 20:49:55,589 [INFO]   Checkpoint dimuat: batch1_chunk9.csv
2026-04-08 20:49:55,618 [INFO]   Checkpoint dimuat: batch2_chunk0.csv
2026-04-08 20:49:55,647 [INFO]   Checkpoint dimuat: batch2_chunk1.csv
2026-04-08 20:49:55,677 [INFO]   Checkpoint dimuat: batch2_chunk10.csv
2026-04-08 20:49:55,702 [INFO]   Checkpoint dimuat: batch2_chunk11.csv
2026-04-08 20:49:55,725 [INFO]   Checkpoint dimuat: batch2_chunk12.csv
2026-04-08 20:49:55,751 [INFO]   Checkpoint dimuat: batch2_chunk13.csv
2026-04-08 20:49:55,771 [INFO]   Checkpoint dimuat: batch2_chunk14.csv
2026-04-08 20:49:55,785 [INFO]   Checkpoint dimuat: batch2_chunk15.csv
2026-04-08 20:49:55,809 [INFO]   Checkpoint dimuat: batch2_chunk16.csv
2026-04-08 20:49:55,835 [INFO]   Checkpoint dimuat: batch2_chunk17.csv
2026-04-08 20:49:55,857 [INFO]   Checkpoint dimuat: batch2_chunk18.csv
2026-04-08 20:49:55,885 [INFO]   Checkpoint dimuat: batch2_chunk19.csv
2026-04-08 20:49:55,911 [INFO]   Checkpoint dimuat: batch2_chunk2.csv
2026-04-08 20:49:55,934 [INFO]   Checkpoint dimuat: batch2_chunk20.csv
2026-04-08 20:49:55,959 [INFO]   Checkpoint dimuat: batch2_chunk21.csv
2026-04-08 20:49:55,973 [INFO]   Checkpoint dimuat: batch2_chunk22.csv
2026-04-08 20:49:55,998 [INFO]   Checkpoint dimuat: batch2_chunk3.csv
2026-04-08 20:49:56,021 [INFO]   Checkpoint dimuat: batch2_chunk4.csv
2026-04-08 20:49:56,046 [INFO]   Checkpoint dimuat: batch2_chunk5.csv
2026-04-08 20:49:56,073 [INFO]   Checkpoint dimuat: batch2_chunk6.csv
2026-04-08 20:49:56,101 [INFO]   Checkpoint dimuat: batch2_chunk7.csv
2026-04-08 20:49:56,127 [INFO]   Checkpoint dimuat: batch2_chunk8.csv
2026-04-08 20:49:56,156 [INFO]   Checkpoint dimuat: batch2_chunk9.csv
2026-04-08 20:49:56,183 [INFO]   Checkpoint dimuat: batch3_chunk0.csv
2026-04-08 20:49:56,209 [INFO]   Checkpoint dimuat: batch3_chunk1.csv
2026-04-08 20:49:56,234 [INFO]   Checkpoint dimuat: batch3_chunk10.csv
2026-04-08 20:49:56,259 [INFO]   Checkpoint dimuat: batch3_chunk11.csv
2026-04-08 20:49:56,293 [INFO]   Checkpoint dimuat: batch3_chunk12.csv
2026-04-08 20:49:56,322 [INFO]   Checkpoint dimuat: batch3_chunk13.csv
2026-04-08 20:49:56,352 [INFO]   Checkpoint dimuat: batch3_chunk14.csv
2026-04-08 20:49:56,383 [INFO]   Checkpoint dimuat: batch3_chunk15.csv
2026-04-08 20:49:56,411 [INFO]   Checkpoint dimuat: batch3_chunk16.csv
2026-04-08 20:49:56,438 [INFO]   Checkpoint dimuat: batch3_chunk17.csv
2026-04-08 20:49:56,471 [INFO]   Checkpoint dimuat: batch3_chunk18.csv
2026-04-08 20:49:56,505 [INFO]   Checkpoint dimuat: batch3_chunk19.csv
2026-04-08 20:49:56,535 [INFO]   Checkpoint dimuat: batch3_chunk2.csv
2026-04-08 20:49:56,561 [INFO]   Checkpoint dimuat: batch3_chunk20.csv
2026-04-08 20:49:56,588 [INFO]   Checkpoint dimuat: batch3_chunk21.csv
2026-04-08 20:49:56,612 [INFO]   Checkpoint dimuat: batch3_chunk22.csv
2026-04-08 20:49:56,633 [INFO]   Checkpoint dimuat: batch3_chunk3.csv
2026-04-08 20:49:56,657 [INFO]   Checkpoint dimuat: batch3_chunk4.csv
2026-04-08 20:49:56,683 [INFO]   Checkpoint dimuat: batch3_chunk5.csv
2026-04-08 20:49:56,702 [INFO]   Checkpoint dimuat: batch3_chunk6.csv
2026-04-08 20:49:56,719 [INFO]   Checkpoint dimuat: batch3_chunk7.csv
2026-04-08 20:49:56,738 [INFO]   Checkpoint dimuat: batch3_chunk8.csv
2026-04-08 20:49:56,764 [INFO]   Checkpoint dimuat: batch3_chunk9.csv
2026-04-08 20:49:57,242 [INFO] 
[Batch 1/4] Keywords: ['diabetes', 'sering haus', 'sering buang air kecil', 'badan lemas', 'penglihatan kabur']
2026-04-08 20:49:57,243 [INFO]   Chunk [1/23]: 2015-01-01 ~ 2015-06-30
2026-04-08 20:50:02,769 [INFO]   Chunk [2/23]: 2015-07-01 ~ 2015-12-31
2026-04-08 20:50:10,884 [INFO]   Chunk [3/23]: 2016-01-01 ~ 2016-06-30
2026-04-08 20:50:18,940 [INFO]   Chunk [4/23]: 2016-07-01 ~ 2016-12-31
2026-04-08 20:50:25,661 [INFO]   Chunk [5/23]: 2017-01-01 ~ 2017-06-30
2026-04-08 20:50:31,932 [INFO]   Chunk [6/23]: 2017-07-01 ~ 2017-12-31
2026-04-08 20:50:36,378 [INFO]   Chunk [7/23]: 2018-01-01 ~ 2018-06-30
2026-04-08 20:50:41,207 [INFO]   Chunk [8/23]: 2018-07-01 ~ 2018-12-31
2026-04-08 20:50:49,020 [INFO]   Chunk [9/23]: 2019-01-01 ~ 2019-06-30
2026-04-08 20:50:56,817 [INFO]   Chunk [10/23]: 2019-07-01 ~ 2019-12-31
2026-04-08 20:51:02,709 [INFO]   Chunk [11/23]: 2020-01-01 ~ 2020-06-30
2026-04-08 20:51:12,042 [INFO]   Chunk [12/23]: 2020-07-01 ~ 2020-12-31
2026-04-08 20:51:19,384 [INFO]   Chunk [13/23]: 2021-01-01 ~ 2021-06-30
2026-04-08 20:51:27,515 [INFO]   Chunk [14/23]: 2021-07-01 ~ 2021-12-31
2026-04-08 20:51:32,246 [INFO]   Chunk [15/23]: 2022-01-01 ~ 2022-06-30
2026-04-08 20:51:39,860 [INFO]   Chunk [16/23]: 2022-07-01 ~ 2022-12-31
2026-04-08 20:51:47,268 [INFO]   Chunk [17/23]: 2023-01-01 ~ 2023-06-30
2026-04-08 20:51:54,186 [INFO]   Chunk [18/23]: 2023-07-01 ~ 2023-12-31
2026-04-08 20:51:59,760 [INFO]   Chunk [19/23]: 2024-01-01 ~ 2024-06-30
2026-04-08 20:52:04,969 [INFO]   Chunk [20/23]: 2024-07-01 ~ 2024-12-31
2026-04-08 20:52:10,321 [INFO]   Chunk [21/23]: 2025-01-01 ~ 2025-06-30
2026-04-08 20:52:17,195 [INFO]   Chunk [22/23]: 2025-07-01 ~ 2025-12-31
2026-04-08 20:52:22,571 [INFO]   Chunk [23/23]: 2026-01-01 ~ 2026-04-08
2026-04-08 20:52:30,433 [INFO] 
[Batch 2/4] Keywords: ['luka sulit sembuh', 'gula darah tinggi', 'cek gula darah', 'diet diabetes', 'obesitas']
2026-04-08 20:52:30,435 [INFO]   Chunk [1/23]: 2015-01-01 ~ 2015-06-30
2026-04-08 20:52:37,318 [INFO]   Chunk [2/23]: 2015-07-01 ~ 2015-12-31
2026-04-08 20:52:41,672 [INFO]   Chunk [3/23]: 2016-01-01 ~ 2016-06-30
2026-04-08 20:52:45,949 [INFO]   Chunk [4/23]: 2016-07-01 ~ 2016-12-31
2026-04-08 20:52:50,297 [INFO]   Chunk [5/23]: 2017-01-01 ~ 2017-06-30
2026-04-08 20:52:56,346 [INFO]   Chunk [6/23]: 2017-07-01 ~ 2017-12-31
2026-04-08 20:53:04,280 [INFO]   Chunk [7/23]: 2018-01-01 ~ 2018-06-30
2026-04-08 20:53:10,820 [INFO]   Chunk [8/23]: 2018-07-01 ~ 2018-12-31
2026-04-08 20:53:16,892 [INFO]   Chunk [9/23]: 2019-01-01 ~ 2019-06-30
2026-04-08 20:53:23,259 [INFO]   Chunk [10/23]: 2019-07-01 ~ 2019-12-31
2026-04-08 20:53:29,406 [INFO]   Chunk [11/23]: 2020-01-01 ~ 2020-06-30
2026-04-08 20:53:34,411 [INFO]   Chunk [12/23]: 2020-07-01 ~ 2020-12-31
2026-04-08 20:53:41,308 [INFO]   Chunk [13/23]: 2021-01-01 ~ 2021-06-30
2026-04-08 20:53:46,270 [INFO]   Chunk [14/23]: 2021-07-01 ~ 2021-12-31
2026-04-08 20:53:53,050 [INFO]   Chunk [15/23]: 2022-01-01 ~ 2022-06-30
2026-04-08 20:54:00,943 [INFO]   Chunk [16/23]: 2022-07-01 ~ 2022-12-31
2026-04-08 20:54:06,104 [INFO]   Chunk [17/23]: 2023-01-01 ~ 2023-06-30
2026-04-08 20:54:11,456 [INFO]   Chunk [18/23]: 2023-07-01 ~ 2023-12-31
2026-04-08 20:54:19,553 [INFO]   Chunk [19/23]: 2024-01-01 ~ 2024-06-30
2026-04-08 20:54:24,314 [INFO]   Chunk [20/23]: 2024-07-01 ~ 2024-12-31
2026-04-08 20:54:31,286 [INFO]   Chunk [21/23]: 2025-01-01 ~ 2025-06-30
2026-04-08 20:54:36,270 [INFO]   Chunk [22/23]: 2025-07-01 ~ 2025-12-31
2026-04-08 20:54:41,758 [INFO]   Chunk [23/23]: 2026-01-01 ~ 2026-04-08
2026-04-08 20:54:48,806 [INFO] 
[Batch 3/4] Keywords: ['minuman manis', 'makanan manis', 'neuropati', 'retinopati', 'gagal ginjal']
2026-04-08 20:54:48,807 [INFO]   Chunk [1/23]: 2015-01-01 ~ 2015-06-30
2026-04-08 20:54:56,578 [INFO]   Chunk [2/23]: 2015-07-01 ~ 2015-12-31
2026-04-08 20:55:03,241 [INFO]   Chunk [3/23]: 2016-01-01 ~ 2016-06-30
2026-04-08 20:55:11,329 [INFO]   Chunk [4/23]: 2016-07-01 ~ 2016-12-31
2026-04-08 20:55:17,676 [INFO]   Chunk [5/23]: 2017-01-01 ~ 2017-06-30
2026-04-08 20:55:22,548 [INFO]   Chunk [6/23]: 2017-07-01 ~ 2017-12-31
2026-04-08 20:55:28,122 [INFO]   Chunk [7/23]: 2018-01-01 ~ 2018-06-30
2026-04-08 20:55:35,174 [INFO]   Chunk [8/23]: 2018-07-01 ~ 2018-12-31
2026-04-08 20:55:42,157 [INFO]   Chunk [9/23]: 2019-01-01 ~ 2019-06-30
2026-04-08 20:55:48,127 [INFO]   Chunk [10/23]: 2019-07-01 ~ 2019-12-31
2026-04-08 20:55:54,694 [INFO]   Chunk [11/23]: 2020-01-01 ~ 2020-06-30
2026-04-08 20:55:59,347 [INFO]   Chunk [12/23]: 2020-07-01 ~ 2020-12-31
2026-04-08 20:56:05,126 [INFO]   Chunk [13/23]: 2021-01-01 ~ 2021-06-30
2026-04-08 20:56:13,021 [INFO]   Chunk [14/23]: 2021-07-01 ~ 2021-12-31
2026-04-08 20:56:20,338 [INFO]   Chunk [15/23]: 2022-01-01 ~ 2022-06-30
2026-04-08 20:56:27,716 [INFO]   Chunk [16/23]: 2022-07-01 ~ 2022-12-31
2026-04-08 20:56:35,312 [INFO]   Chunk [17/23]: 2023-01-01 ~ 2023-06-30
2026-04-08 20:56:41,306 [INFO]   Chunk [18/23]: 2023-07-01 ~ 2023-12-31
2026-04-08 20:56:47,745 [INFO]   Chunk [19/23]: 2024-01-01 ~ 2024-06-30
2026-04-08 20:56:54,637 [INFO]   Chunk [20/23]: 2024-07-01 ~ 2024-12-31
2026-04-08 20:57:02,573 [INFO]   Chunk [21/23]: 2025-01-01 ~ 2025-06-30
2026-04-08 20:57:10,373 [INFO]   Chunk [22/23]: 2025-07-01 ~ 2025-12-31
2026-04-08 20:57:18,171 [INFO]   Chunk [23/23]: 2026-01-01 ~ 2026-04-08
2026-04-08 20:57:23,458 [INFO] 
[Batch 4/4] Keywords: ['kaki diabetes', 'insulin', 'prediabetes', 'hiperglikemia', 'kadar gula normal']
2026-04-08 20:57:23,459 [INFO]   Chunk [1/23]: 2015-01-01 ~ 2015-06-30
2026-04-08 20:57:30,817 [INFO]   Chunk [2/23]: 2015-07-01 ~ 2015-12-31
2026-04-08 20:57:38,325 [INFO]   Chunk [3/23]: 2016-01-01 ~ 2016-06-30
2026-04-08 20:57:46,078 [INFO]   Chunk [4/23]: 2016-07-01 ~ 2016-12-31
2026-04-08 20:57:51,783 [INFO]   Chunk [5/23]: 2017-01-01 ~ 2017-06-30
2026-04-08 20:57:57,729 [INFO]   Chunk [6/23]: 2017-07-01 ~ 2017-12-31
2026-04-08 20:58:03,236 [INFO]   Chunk [7/23]: 2018-01-01 ~ 2018-06-30
2026-04-08 20:58:10,682 [INFO]   Chunk [8/23]: 2018-07-01 ~ 2018-12-31
2026-04-08 20:58:15,588 [INFO]   Chunk [9/23]: 2019-01-01 ~ 2019-06-30
2026-04-08 20:58:22,808 [INFO]   Chunk [10/23]: 2019-07-01 ~ 2019-12-31
2026-04-08 20:58:30,043 [INFO]   Chunk [11/23]: 2020-01-01 ~ 2020-06-30
2026-04-08 20:58:35,493 [INFO]   Chunk [12/23]: 2020-07-01 ~ 2020-12-31
2026-04-08 20:58:42,790 [INFO]   Chunk [13/23]: 2021-01-01 ~ 2021-06-30
2026-04-08 20:58:49,779 [INFO]   Chunk [14/23]: 2021-07-01 ~ 2021-12-31
2026-04-08 20:58:54,745 [INFO]   Chunk [15/23]: 2022-01-01 ~ 2022-06-30
2026-04-08 20:59:02,702 [INFO]   Chunk [16/23]: 2022-07-01 ~ 2022-12-31
2026-04-08 20:59:10,925 [INFO]   Chunk [17/23]: 2023-01-01 ~ 2023-06-30
2026-04-08 20:59:16,665 [INFO]   Chunk [18/23]: 2023-07-01 ~ 2023-12-31
2026-04-08 20:59:22,004 [INFO]   Chunk [19/23]: 2024-01-01 ~ 2024-06-30
2026-04-08 20:59:29,587 [INFO]   Chunk [20/23]: 2024-07-01 ~ 2024-12-31
2026-04-08 20:59:36,648 [INFO]   Chunk [21/23]: 2025-01-01 ~ 2025-06-30
2026-04-08 20:59:44,243 [INFO]   Chunk [22/23]: 2025-07-01 ~ 2025-12-31
2026-04-08 20:59:51,244 [INFO]   Chunk [23/23]: 2026-01-01 ~ 2026-04-08
2026-04-08 20:59:53,615 [WARNING]   Attempt 1/5 gagal: HTTPSConnectionPool(host='trends.google.com', port=443): Max retries exceeded with url: /trends/api/widgetdata/multiline
2026-04-08 20:59:53,615 [INFO]   Rate limited! Tunggu 60s ...
2026-04-08 21:00:56,423 [WARNING]   Attempt 2/5 gagal: HTTPSConnectionPool(host='trends.google.com', port=443): Max retries exceeded with url: /trends/api/widgetdata/multiline
2026-04-08 21:00:56,424 [INFO]   Rate limited! Tunggu 120s ...
2026-04-08 21:03:06,234 [INFO] 
Menggabungkan semua hasil ...
2026-04-08 21:03:06,310 [INFO] ✅ Snapshot CSV  : output_trends\snapshot_20260408_210306.csv
2026-04-08 21:03:07,167 [INFO] ✅ Excel Report  : output_trends\report_20260408_210306.xlsx
